<?xml version="1.0" encoding="UTF-8"?>
<!-- Generated by org.testng.reporters.JUnitReportReporter -->
<testsuite hostname="LAPTOP-UDACTUSR" failures="0" tests="1" name="sample.homePageTest" time="0.315" errors="0" timestamp="2023-02-09T14:30:00 IST" skipped="0">
  <testcase classname="sample.homePageTest" name="homePageTests" time="0.315"/>
  <system-out/>
</testsuite> <!-- sample.homePageTest -->
